#
# There is insufficient memory for the Java Runtime Environment to continue.
# Native memory allocation (malloc) failed to allocate 32784 bytes for Chunk::new
# Possible reasons:
#   The system is out of physical RAM or swap space
#   In 32 bit mode, the process size limit was hit
# Possible solutions:
#   Reduce memory load on the system
#   Increase physical memory or swap space
#   Check if swap backing store is full
#   Use 64 bit Java on a 64 bit OS
#   Decrease Java heap size (-Xmx/-Xms)
#   Decrease number of Java threads
#   Decrease Java thread stack sizes (-Xss)
#   Set larger code cache with -XX:ReservedCodeCacheSize=
# This output file may be truncated or incomplete.
#
#  Out of Memory Error (allocation.cpp:390), pid=15816, tid=0x0000000000001f78
#
# JRE version: OpenJDK Runtime Environment (8.0_76-b03) (build 1.8.0_76-release-b03)
# Java VM: OpenJDK 64-Bit Server VM (25.76-b03 mixed mode windows-amd64 compressed oops)
# Failed to write core dump. Minidumps are not enabled by default on client versions of Windows
#

---------------  T H R E A D  ---------------

Current thread (0x0000000017f7a800):  JavaThread "C2 CompilerThread1" daemon [_thread_in_native, id=8056, stack(0x00000000186f0000,0x00000000187f0000)]

Stack: [0x00000000186f0000,0x00000000187f0000]
[error occurred during error reporting (printing stack bounds), id 0xc0000005]

Native frames: (J=compiled Java code, j=interpreted, Vv=VM code, C=native code)


Current CompileTask:
C2:   6653 1888       4       com.android.dx.cf.code.Simulator$SimVisitor::visitConstant (332 bytes)


---------------  P R O C E S S  ---------------

Java Threads: ( => current thread )
  0x000000001801c000 JavaThread "Service Thread" daemon [_thread_blocked, id=4316, stack(0x00000000189f0000,0x0000000018af0000)]
  0x0000000017f87800 JavaThread "C1 CompilerThread3" daemon [_thread_blocked, id=11900, stack(0x00000000188f0000,0x00000000189f0000)]
  0x0000000017f7d800 JavaThread "C2 CompilerThread2" daemon [_thread_in_native, id=8092, stack(0x00000000187f0000,0x00000000188f0000)]
=>0x0000000017f7a800 JavaThread "C2 CompilerThread1" daemon [_thread_in_native, id=8056, stack(0x00000000186f0000,0x00000000187f0000)]
  0x0000000017f76000 JavaThread "C2 CompilerThread0" daemon [_thread_in_native, id=9740, stack(0x00000000185f0000,0x00000000186f0000)]
  0x0000000017f75800 JavaThread "Attach Listener" daemon [_thread_blocked, id=10644, stack(0x00000000184f0000,0x00000000185f0000)]
  0x0000000017f28800 JavaThread "Signal Dispatcher" daemon [_thread_blocked, id=6420, stack(0x00000000183f0000,0x00000000184f0000)]
  0x000000000342e000 JavaThread "Finalizer" daemon [_thread_blocked, id=5908, stack(0x00000000182f0000,0x00000000183f0000)]
  0x0000000003425000 JavaThread "Reference Handler" daemon [_thread_blocked, id=16604, stack(0x0000000017df0000,0x0000000017ef0000)]
  0x00000000034de800 JavaThread "main" [_thread_in_Java, id=13504, stack(0x0000000002e90000,0x0000000002f90000)]

Other Threads:
  0x0000000015ff7000 VMThread [stack: 0x0000000017cf0000,0x0000000017df0000] [id=18868]
  0x000000001801d000 WatcherThread [stack: 0x0000000018af0000,0x0000000018bf0000] [id=9860]

VM state:not at safepoint (normal execution)

VM Mutex/Monitor currently owned by a thread: None

Heap:
 PSYoungGen      total 70656K, used 32671K [0x00000000eab00000, 0x00000000ef500000, 0x0000000100000000)
  eden space 65536K, 42% used [0x00000000eab00000,0x00000000ec5ec868,0x00000000eeb00000)
  from space 5120K, 99% used [0x00000000eeb00000,0x00000000eeffb5b0,0x00000000ef000000)
  to   space 5120K, 0% used [0x00000000ef000000,0x00000000ef000000,0x00000000ef500000)
 ParOldGen       total 86016K, used 17252K [0x00000000c0000000, 0x00000000c5400000, 0x00000000eab00000)
  object space 86016K, 20% used [0x00000000c0000000,0x00000000c10d9128,0x00000000c5400000)
 Metaspace       used 6026K, capacity 7088K, committed 7296K, reserved 1056768K
  class space    used 544K, capacity 616K, committed 640K, reserved 1048576K

Card table byte_map: [0x00000000128a0000,0x0000000012ab0000] byte_map_base: 0x00000000122a0000

Marking Bits: (ParMarkBitMap*) 0x00000000770c9d00
 Begin Bits: [0x0000000013410000, 0x0000000014410000)
 End Bits:   [0x0000000014410000, 0x0000000015410000)

Polling page: 0x0000000001740000

CodeCache: size=245760Kb used=8953Kb max_used=8956Kb free=236806Kb
 bounds [0x00000000034e0000, 0x0000000003db0000, 0x00000000124e0000]
 total_blobs=2080 nmethods=1817 adapters=177
 compilation: enabled

Compilation events (10 events):
Event: 6.634 Thread 0x0000000017f7a800 nmethod 1884 0x0000000003d9e510 code [0x0000000003d9e660, 0x0000000003d9e768]
Event: 6.635 Thread 0x0000000017f7a800 1885       4       com.android.dx.rop.code.Insn::contentEquals (84 bytes)
Event: 6.644 Thread 0x0000000017f7a800 nmethod 1885 0x0000000003da10d0 code [0x0000000003da1260, 0x0000000003da18b8]
Event: 6.644 Thread 0x0000000017f7a800 1888       4       com.android.dx.cf.code.Simulator$SimVisitor::visitConstant (332 bytes)
Event: 6.647 Thread 0x0000000017f87800 1890       3       com.android.dx.rop.annotation.Annotations::addAll (59 bytes)
Event: 6.648 Thread 0x0000000017f87800 nmethod 1890 0x0000000003da4250 code [0x0000000003da4460, 0x0000000003da4f78]
Event: 6.649 Thread 0x0000000017f87800 1891       3       com.android.dx.ssa.back.FirstFitLocalCombiningAllocator::rangeContainsReserved (30 bytes)
Event: 6.649 Thread 0x0000000017f87800 nmethod 1891 0x0000000003da3cd0 code [0x0000000003da3e40, 0x0000000003da4108]
Event: 6.649 Thread 0x0000000017f87800 1892       3       com.android.dx.ssa.InterferenceRegisterMapper::areAnyPinned (81 bytes)
Event: 6.650 Thread 0x0000000017f87800 nmethod 1892 0x0000000003da2a10 code [0x0000000003da2c00, 0x0000000003da3858]

GC Heap History (6 events):
Event: 1.760 GC heap before
{Heap before GC invocations=1 (full 0):
 PSYoungGen      total 37888K, used 32768K [0x00000000eab00000, 0x00000000ed500000, 0x0000000100000000)
  eden space 32768K, 100% used [0x00000000eab00000,0x00000000ecb00000,0x00000000ecb00000)
  from space 5120K, 0% used [0x00000000ed000000,0x00000000ed000000,0x00000000ed500000)
  to   space 5120K, 0% used [0x00000000ecb00000,0x00000000ecb00000,0x00000000ed000000)
 ParOldGen       total 86016K, used 0K [0x00000000c0000000, 0x00000000c5400000, 0x00000000eab00000)
  object space 86016K, 0% used [0x00000000c0000000,0x00000000c0000000,0x00000000c5400000)
 Metaspace       used 5753K, capacity 6896K, committed 7040K, reserved 1056768K
  class space    used 541K, capacity 616K, committed 640K, reserved 1048576K
Event: 1.787 GC heap after
Heap after GC invocations=1 (full 0):
 PSYoungGen      total 37888K, used 5090K [0x00000000eab00000, 0x00000000ef500000, 0x0000000100000000)
  eden space 32768K, 0% used [0x00000000eab00000,0x00000000eab00000,0x00000000ecb00000)
  from space 5120K, 99% used [0x00000000ecb00000,0x00000000ecff8ac8,0x00000000ed000000)
  to   space 5120K, 0% used [0x00000000ef000000,0x00000000ef000000,0x00000000ef500000)
 ParOldGen       total 86016K, used 1728K [0x00000000c0000000, 0x00000000c5400000, 0x00000000eab00000)
  object space 86016K, 2% used [0x00000000c0000000,0x00000000c01b0178,0x00000000c5400000)
 Metaspace       used 5753K, capacity 6896K, committed 7040K, reserved 1056768K
  class space    used 541K, capacity 616K, committed 640K, reserved 1048576K
}
Event: 3.307 GC heap before
{Heap before GC invocations=2 (full 0):
 PSYoungGen      total 37888K, used 37858K [0x00000000eab00000, 0x00000000ef500000, 0x0000000100000000)
  eden space 32768K, 100% used [0x00000000eab00000,0x00000000ecb00000,0x00000000ecb00000)
  from space 5120K, 99% used [0x00000000ecb00000,0x00000000ecff8ac8,0x00000000ed000000)
  to   space 5120K, 0% used [0x00000000ef000000,0x00000000ef000000,0x00000000ef500000)
 ParOldGen       total 86016K, used 1728K [0x00000000c0000000, 0x00000000c5400000, 0x00000000eab00000)
  object space 86016K, 2% used [0x00000000c0000000,0x00000000c01b0178,0x00000000c5400000)
 Metaspace       used 5935K, capacity 7024K, committed 7296K, reserved 1056768K
  class space    used 543K, capacity 616K, committed 640K, reserved 1048576K
Event: 3.609 GC heap after
Heap after GC invocations=2 (full 0):
 PSYoungGen      total 70656K, used 5096K [0x00000000eab00000, 0x00000000ef500000, 0x0000000100000000)
  eden space 65536K, 0% used [0x00000000eab00000,0x00000000eab00000,0x00000000eeb00000)
  from space 5120K, 99% used [0x00000000ef000000,0x00000000ef4fa048,0x00000000ef500000)
  to   space 5120K, 0% used [0x00000000eeb00000,0x00000000eeb00000,0x00000000ef000000)
 ParOldGen       total 86016K, used 6863K [0x00000000c0000000, 0x00000000c5400000, 0x00000000eab00000)
  object space 86016K, 7% used [0x00000000c0000000,0x00000000c06b3ed0,0x00000000c5400000)
 Metaspace       used 5935K, capacity 7024K, committed 7296K, reserved 1056768K
  class space    used 543K, capacity 616K, committed 640K, reserved 1048576K
}
Event: 5.200 GC heap before
{Heap before GC invocations=3 (full 0):
 PSYoungGen      total 70656K, used 70632K [0x00000000eab00000, 0x00000000ef500000, 0x0000000100000000)
  eden space 65536K, 100% used [0x00000000eab00000,0x00000000eeb00000,0x00000000eeb00000)
  from space 5120K, 99% used [0x00000000ef000000,0x00000000ef4fa048,0x00000000ef500000)
  to   space 5120K, 0% used [0x00000000eeb00000,0x00000000eeb00000,0x00000000ef000000)
 ParOldGen       total 86016K, used 6863K [0x00000000c0000000, 0x00000000c5400000, 0x00000000eab00000)
  object space 86016K, 7% used [0x00000000c0000000,0x00000000c06b3ed0,0x00000000c5400000)
 Metaspace       used 5981K, capacity 7088K, committed 7296K, reserved 1056768K
  class space    used 544K, capacity 616K, committed 640K, reserved 1048576K
Event: 5.348 GC heap after
Heap after GC invocations=3 (full 0):
 PSYoungGen      total 70656K, used 5101K [0x00000000eab00000, 0x00000000ef500000, 0x0000000100000000)
  eden space 65536K, 0% used [0x00000000eab00000,0x00000000eab00000,0x00000000eeb00000)
  from space 5120K, 99% used [0x00000000eeb00000,0x00000000eeffb5b0,0x00000000ef000000)
  to   space 5120K, 0% used [0x00000000ef000000,0x00000000ef000000,0x00000000ef500000)
 ParOldGen       total 86016K, used 17252K [0x00000000c0000000, 0x00000000c5400000, 0x00000000eab00000)
  object space 86016K, 20% used [0x00000000c0000000,0x00000000c10d9128,0x00000000c5400000)
 Metaspace       used 5981K, capacity 7088K, committed 7296K, reserved 1056768K
  class space    used 544K, capacity 616K, committed 640K, reserved 1048576K
}

Deoptimization events (10 events):
Event: 3.803 Thread 0x00000000034de800 Uncommon trap: reason=unstable_if action=reinterpret pc=0x0000000003b097c0 method=com.android.dx.ssa.LiteralOpUpgrader$1.visitNonMoveInsn(Lcom/android/dx/ssa/NormalSsaInsn;)V @ 151
Event: 3.809 Thread 0x00000000034de800 Uncommon trap: reason=unloaded action=reinterpret pc=0x0000000003ad15ec method=com.android.dx.cf.cst.ConstantPoolParser.parse0(ILjava/util/BitSet;)Lcom/android/dx/rop/cst/Constant; @ 176
Event: 4.980 Thread 0x00000000034de800 Uncommon trap: reason=unstable_if action=reinterpret pc=0x0000000003ccd1cc method=com.android.dx.cf.code.Merger.mergeLocals(Lcom/android/dx/cf/code/OneLocalsArray;Lcom/android/dx/cf/code/OneLocalsArray;)Lcom/android/dx/cf/code/OneLocalsArray; @ 2
Event: 5.729 Thread 0x00000000034de800 Uncommon trap: reason=bimorphic action=maybe_recompile pc=0x000000000370c358 method=java.util.HashMap.getNode(ILjava/lang/Object;)Ljava/util/HashMap$Node; @ 126
Event: 5.729 Thread 0x00000000034de800 Uncommon trap: reason=bimorphic action=maybe_recompile pc=0x0000000003949804 method=java.util.HashMap.getNode(ILjava/lang/Object;)Ljava/util/HashMap$Node; @ 126
Event: 5.736 Thread 0x00000000034de800 Uncommon trap: reason=bimorphic action=maybe_recompile pc=0x0000000003b8becc method=com.android.dx.cf.code.RopperMachine.run(Lcom/android/dx/cf/code/Frame;II)V @ 988
Event: 5.737 Thread 0x00000000034de800 Uncommon trap: reason=speculate_class_check action=maybe_recompile pc=0x0000000003c9aac4 method=com.android.dx.rop.cst.TypedConstant.getBasicType()I @ 1
Event: 6.091 Thread 0x00000000034de800 Uncommon trap: reason=bimorphic action=maybe_recompile pc=0x0000000003b8becc method=com.android.dx.cf.code.RopperMachine.run(Lcom/android/dx/cf/code/Frame;II)V @ 988
Event: 6.092 Thread 0x00000000034de800 Uncommon trap: reason=unstable_if action=reinterpret pc=0x0000000003b9ec0c method=com.android.dx.rop.code.RegisterSpecSet.<init>(I)V @ 2
Event: 6.092 Thread 0x00000000034de800 Uncommon trap: reason=unstable_if action=reinterpret pc=0x000000000380c780 method=com.android.dx.rop.code.RegisterSpecSet.<init>(I)V @ 2

Internal exceptions (2 events):
Event: 0.075 Thread 0x00000000034de800 Exception <a 'java/lang/NoSuchMethodError': Method sun.misc.Unsafe.defineClass(Ljava/lang/String;[BII)Ljava/lang/Class; name or signature does not match> (0x00000000eab07cc0) thrown at [C:\src\android\AOSP-openjdk\external\jetbrains\jdk\hotspot\src\share\v²t›j&³?
Event: 0.075 Thread 0x00000000034de800 Exception <a 'java/lang/NoSuchMethodError': Method sun.misc.Unsafe.prefetchRead(Ljava/lang/Object;J)V name or signature does not match> (0x00000000eab07fa8) thrown at [C:\src\android\AOSP-openjdk\external\jetbrains\jdk\hotspot\src\share\vm\prims\jni.cpp, l

Events (10 events):
Event: 6.092 Thread 0x00000000034de800 DEOPT UNPACKING pc=0x000000000352556a sp=0x0000000002f8e878 mode 2
Event: 6.092 Thread 0x00000000034de800 Uncommon trap: trap_request=0xffffff65 fr.pc=0x000000000380c780
Event: 6.092 Thread 0x00000000034de800 DEOPT PACKING pc=0x000000000380c780 sp=0x0000000002f8e8b0
Event: 6.092 Thread 0x00000000034de800 DEOPT UNPACKING pc=0x000000000352556a sp=0x0000000002f8e7e8 mode 2
Event: 6.451 loading class com/android/dx/cf/code/LocalVariableList$Item
Event: 6.451 loading class com/android/dx/cf/code/LocalVariableList$Item done
Event: 6.456 Thread 0x00000000034de800 DEOPT PACKING pc=0x00000000038d355d sp=0x0000000002f8e640
Event: 6.456 Thread 0x00000000034de800 DEOPT UNPACKING pc=0x00000000035275bf sp=0x0000000002f8e480 mode 0
Event: 6.461 Thread 0x00000000034de800 DEOPT PACKING pc=0x000000000390d8c1 sp=0x0000000002f8e7f0
Event: 6.461 Thread 0x00000000034de800 DEOPT UNPACKING pc=0x00000000035275bf sp=0x0000000002f8e580 mode 0


Dynamic libraries:
0x00007ff674d60000 - 0x00007ff674d91000 	D:\andriod-studio\Android Studio\jre\bin\java.exe
0x00007fff10dd0000 - 0x00007fff10fa1000 	C:\WINDOWS\SYSTEM32\ntdll.dll
0x00007fff105f0000 - 0x00007fff1069b000 	C:\WINDOWS\System32\KERNEL32.DLL
0x00007fff0d6f0000 - 0x00007fff0d90d000 	C:\WINDOWS\System32\KERNELBASE.dll
0x00007fff0e1a0000 - 0x00007fff0e242000 	C:\WINDOWS\System32\ADVAPI32.dll
0x00007fff10520000 - 0x00007fff105be000 	C:\WINDOWS\System32\msvcrt.dll
0x00007fff0eca0000 - 0x00007fff0ecf9000 	C:\WINDOWS\System32\sechost.dll
0x00007fff10840000 - 0x00007fff10961000 	C:\WINDOWS\System32\RPCRT4.dll
0x00007fff0ed00000 - 0x00007fff0ee65000 	C:\WINDOWS\System32\USER32.dll
0x00007fff0d320000 - 0x00007fff0d33e000 	C:\WINDOWS\System32\win32u.dll
0x00007fff10c40000 - 0x00007fff10c74000 	C:\WINDOWS\System32\GDI32.dll
0x00007fff0d190000 - 0x00007fff0d312000 	C:\WINDOWS\System32\gdi32full.dll
0x00007fff05590000 - 0x00007fff05809000 	C:\WINDOWS\WinSxS\amd64_microsoft.windows.common-controls_6595b64144ccf1df_6.0.14393.447_none_42191651c6827bb3\COMCTL32.dll
0x00007fff0e8a0000 - 0x00007fff0eb68000 	C:\WINDOWS\System32\combase.dll
0x00007fff0d910000 - 0x00007fff0da05000 	C:\WINDOWS\System32\ucrtbase.dll
0x00007fff0d070000 - 0x00007fff0d0da000 	C:\WINDOWS\System32\bcryptPrimitives.dll
0x00007fff0eb70000 - 0x00007fff0eb9e000 	C:\WINDOWS\System32\IMM32.DLL
0x0000000050490000 - 0x0000000050562000 	D:\andriod-studio\Android Studio\jre\jre\bin\msvcr100.dll
0x0000000076910000 - 0x0000000077144000 	D:\andriod-studio\Android Studio\jre\jre\bin\server\jvm.dll
0x00007fff0d5b0000 - 0x00007fff0d5d3000 	C:\WINDOWS\System32\WINMM.dll
0x00007fff0d000000 - 0x00007fff0d02b000 	C:\WINDOWS\System32\WINMMBASE.dll
0x00007fff0d5f0000 - 0x00007fff0d632000 	C:\WINDOWS\System32\cfgmgr32.dll
0x00007fff10c80000 - 0x00007fff10c88000 	C:\WINDOWS\System32\PSAPI.DLL
0x00007fff08f80000 - 0x00007fff08f89000 	C:\WINDOWS\SYSTEM32\WSOCK32.dll
0x00007fff10970000 - 0x00007fff109da000 	C:\WINDOWS\System32\WS2_32.dll
0x00007fff085c0000 - 0x00007fff085ca000 	C:\WINDOWS\SYSTEM32\VERSION.dll
0x00007fff0aec0000 - 0x00007fff0aecf000 	D:\andriod-studio\Android Studio\jre\jre\bin\verify.dll
0x00007fff02ea0000 - 0x00007fff02ec9000 	D:\andriod-studio\Android Studio\jre\jre\bin\java.dll
0x00007fff08520000 - 0x00007fff08536000 	D:\andriod-studio\Android Studio\jre\jre\bin\zip.dll
0x00007fff0f000000 - 0x00007fff10509000 	C:\WINDOWS\System32\SHELL32.dll
0x00007fff0da10000 - 0x00007fff0e0ea000 	C:\WINDOWS\System32\windows.storage.dll
0x00007fff0d640000 - 0x00007fff0d68c000 	C:\WINDOWS\System32\powrprof.dll
0x00007fff109e0000 - 0x00007fff10a32000 	C:\WINDOWS\System32\shlwapi.dll
0x00007fff0d060000 - 0x00007fff0d06f000 	C:\WINDOWS\System32\kernel.appcore.dll
0x00007fff0d0e0000 - 0x00007fff0d189000 	C:\WINDOWS\System32\shcore.dll
0x00007fff0d040000 - 0x00007fff0d054000 	C:\WINDOWS\System32\profapi.dll

VM Arguments:
jvm_args: -Djava.awt.headless=true -Xmx1024M -Dfile.encoding=GBK -Duser.country=CN -Duser.language=zh -Duser.variant 
java_command: com.android.dx.command.Main --dex --force-jumbo --output D:\andriod-studio\workspace\v2ex-android\app\build\intermediates\pre-dexed\debug\umeng_social_sdk_c9929ffa51cead814d88eabac5c15a1258d65578.jar D:\andriod-studio\workspace\v2ex-android\app\libs\umeng_social_sdk.jar
java_class_path (initial): D:\androidstudio\Sdk\build-tools\21.1.2\lib\dx.jar
Launcher Type: SUN_STANDARD

Environment Variables:
JAVA_HOME=C:\Program Files\Java\jdk1.8.0_91
CLASSPATH=.;C:\Program Files\Java\jdk1.8.0_91\lib\dt.jar;C:\Program Files\Java\jdk1.8.0_91\lib\tools.jar
PATH=C:\Program Files\NVIDIA GPU Computing Toolkit\CUDA\v7.5\bin;C:\Program Files\NVIDIA GPU Computing Toolkit\CUDA\v7.5\libnvvp;C:;C:\Program Files\Java\jdk1.8.0_91\bin;C:\Program Files\Java\jdk1.8.0_91\jre\bin;\ProgramData\Oracle\Java\javapath;C:\Program Files (x86)\Intel\iCLS Client\;C:\Program Files\Intel\iCLS Client\;C:\windows\system32;C:\windows;C:\windows\System32\Wbem;C:\windows\System32\WindowsPowerShell\v1.0\;C:\Program Files (x86)\Intel\Intel(R) Management Engine Components\DAL;C:\Program Files\Intel\Intel(R) Management Engine Components\DAL;C:\Program Files (x86)\Intel\Intel(R) Management Engine Components\IPT;C:\Program Files\Intel\Intel(R) Management Engine Components\IPT;C:\Program Files (x86)\NVIDIA Corporation\PhysX\Common;C:\Program Files\Intel\IntelSGXPSW\bin\x64\Release\;C:\Program Files\Intel\IntelSGXPSW\bin\win32\Release\;C:\Program Files\Intel\WiFi\bin\;C:\Program Files\Common Files\Intel\WirelessCommon\;C:\WINDOWS\system32;C:\WINDOWS;C:\WINDOWS\System32\Wbem;C:\WINDOWS\System32\WindowsPowerShell\v1.0\;D:\mysql\bin;D:\openCV\Opencv\build\x64\vc12\bin;C:\Program Files (x86)\Windows Kits\8.1\Windows Performance Toolkit\;C:\Program Files (x86)\Microsoft SDKs\TypeScript\1.0\;D:\opencv\opencv\build\x86\vc12\bin;D:\opencv\opencv\build\x64\vc12\bin;C:\Program Files (x86)\Autodesk\Backburner\;C:\Program Files\Common Files\Autodesk Shared\;C:\Program Files\Microsoft SQL Server\Client SDK\ODBC\110\Tools\Binn\;C:\Program Files (x86)\Microsoft SQL Server\120\Tools\Binn\;C:\Program Files\Microsoft SQL Server\120\Tools\Binn\;C:\Program Files\Microsoft SQL Server\120\DTS\Binn\;C:\Program Files (x86)\Microsoft SQL Server\120\Tools\Binn\ManagementStudio\;C:\Program Files (x86)\Microsoft SQL Server\120\DTS\Binn\;C:\Program Files\Microsoft SQL Server\110\Tools\Binn\;D:\MATLAB\v901\runtime\win64;C:\Program Files (x86)\GtkSharp\2.12\bin;D:\SDK\android-studio\tools;D:\SDK\android-studio\platform-tools;C:\Users\raozhi\AppData\Local\Microsoft\WindowsApps;
USERNAME=raozhi
OS=Windows_NT
PROCESSOR_IDENTIFIER=Intel64 Family 6 Model 94 Stepping 3, GenuineIntel



---------------  S Y S T E M  ---------------

OS: Windows 10.0 , 64 bit Build 14393 (10.0.14393.0)

CPU:total 8 (4 cores per cpu, 2 threads per core) family 6 model 94 stepping 3, cmov, cx8, fxsr, mmx, sse, sse2, sse3, ssse3, sse4.1, sse4.2, popcnt, avx, avx2, aes, clmul, erms, rtm, 3dnowpref, lzcnt, ht, tsc, tscinvbit, bmi1, bmi2, adx

Memory: 4k page, physical 8223456k(1410380k free), swap 12689452k(2504k free)

vm_info: OpenJDK 64-Bit Server VM (25.76-b03) for windows-amd64 JRE (1.8.0_76-release-b03), built on Jun 29 2016 19:09:20 by "ralucas" with MS VC++ 10.0 (VS2010)

time: Fri May 19 13:28:13 2017
elapsed time: 6 seconds (0d 0h 0m 6s)

