#
# There is insufficient memory for the Java Runtime Environment to continue.
# Native memory allocation (malloc) failed to allocate 92944 bytes for Chunk::new
# Possible reasons:
#   The system is out of physical RAM or swap space
#   In 32 bit mode, the process size limit was hit
# Possible solutions:
#   Reduce memory load on the system
#   Increase physical memory or swap space
#   Check if swap backing store is full
#   Use 64 bit Java on a 64 bit OS
#   Decrease Java heap size (-Xmx/-Xms)
#   Decrease number of Java threads
#   Decrease Java thread stack sizes (-Xss)
#   Set larger code cache with -XX:ReservedCodeCacheSize=
# This output file may be truncated or incomplete.
#
#  Out of Memory Error (allocation.cpp:390), pid=188, tid=0x000000000000058c
#
# JRE version: OpenJDK Runtime Environment (8.0_76-b03) (build 1.8.0_76-release-b03)
# Java VM: OpenJDK 64-Bit Server VM (25.76-b03 mixed mode windows-amd64 compressed oops)
# Failed to write core dump. Minidumps are not enabled by default on client versions of Windows
#

---------------  T H R E A D  ---------------

Current thread (0x0000000017ca4800):  JavaThread "C2 CompilerThread2" daemon [_thread_in_native, id=1420, stack(0x00000000184c0000,0x00000000185c0000)]

Stack: [0x00000000184c0000,0x00000000185c0000]
[error occurred during error reporting (printing stack bounds), id 0xc0000005]

Native frames: (J=compiled Java code, j=interpreted, Vv=VM code, C=native code)


Current CompileTask:
C2:   6237 1624       4       com.android.dx.ssa.back.FirstFitLocalCombiningAllocator::tryMapReg (41 bytes)


---------------  P R O C E S S  ---------------

Java Threads: ( => current thread )
  0x0000000017cae000 JavaThread "Service Thread" daemon [_thread_blocked, id=11476, stack(0x00000000186c0000,0x00000000187c0000)]
  0x0000000017ca9000 JavaThread "C1 CompilerThread3" daemon [_thread_blocked, id=15004, stack(0x00000000185c0000,0x00000000186c0000)]
=>0x0000000017ca4800 JavaThread "C2 CompilerThread2" daemon [_thread_in_native, id=1420, stack(0x00000000184c0000,0x00000000185c0000)]
  0x0000000017c4a000 JavaThread "C2 CompilerThread1" daemon [_thread_in_native, id=19000, stack(0x00000000183c0000,0x00000000184c0000)]
  0x0000000015cda800 JavaThread "C2 CompilerThread0" daemon [_thread_in_native, id=18804, stack(0x00000000182c0000,0x00000000183c0000)]
  0x0000000017c48800 JavaThread "Attach Listener" daemon [_thread_blocked, id=18704, stack(0x00000000181c0000,0x00000000182c0000)]
  0x0000000017bfd800 JavaThread "Signal Dispatcher" daemon [_thread_blocked, id=4072, stack(0x00000000180c0000,0x00000000181c0000)]
  0x0000000017be0800 JavaThread "Finalizer" daemon [_thread_blocked, id=4188, stack(0x0000000017fc0000,0x00000000180c0000)]
  0x0000000015ccb000 JavaThread "Reference Handler" daemon [_thread_blocked, id=17208, stack(0x0000000017ac0000,0x0000000017bc0000)]
  0x00000000030ae800 JavaThread "main" [_thread_in_vm, id=19240, stack(0x0000000002fa0000,0x00000000030a0000)]

Other Threads:
  0x0000000015cc7000 VMThread [stack: 0x00000000179c0000,0x0000000017ac0000] [id=16400]
  0x0000000017cae800 WatcherThread [stack: 0x00000000187c0000,0x00000000188c0000] [id=4280]

VM state:not at safepoint (normal execution)

VM Mutex/Monitor currently owned by a thread: None

Heap:
 PSYoungGen      total 70656K, used 7716K [0x00000000eab00000, 0x00000000ef500000, 0x0000000100000000)
  eden space 65536K, 4% used [0x00000000eab00000,0x00000000ead8fc28,0x00000000eeb00000)
  from space 5120K, 99% used [0x00000000eeb00000,0x00000000eeff9420,0x00000000ef000000)
  to   space 5120K, 0% used [0x00000000ef000000,0x00000000ef000000,0x00000000ef500000)
 ParOldGen       total 86016K, used 37811K [0x00000000c0000000, 0x00000000c5400000, 0x00000000eab00000)
  object space 86016K, 43% used [0x00000000c0000000,0x00000000c24ecf40,0x00000000c5400000)
 Metaspace       used 5568K, capacity 6960K, committed 7040K, reserved 1056768K
  class space    used 526K, capacity 616K, committed 640K, reserved 1048576K

Card table byte_map: [0x0000000012570000,0x0000000012780000] byte_map_base: 0x0000000011f70000

Marking Bits: (ParMarkBitMap*) 0x00000000770c9d00
 Begin Bits: [0x00000000130e0000, 0x00000000140e0000)
 End Bits:   [0x00000000140e0000, 0x00000000150e0000)

Polling page: 0x00000000013e0000

CodeCache: size=245760Kb used=7890Kb max_used=7936Kb free=237869Kb
 bounds [0x00000000031b0000, 0x0000000003980000, 0x00000000121b0000]
 total_blobs=1870 nmethods=1611 adapters=173
 compilation: enabled

Compilation events (10 events):
Event: 5.679 Thread 0x0000000017ca4800 nmethod 1620 0x0000000003954f50 code [0x0000000003955120, 0x0000000003956338]
Event: 5.679 Thread 0x0000000017ca4800 1621       4       com.android.dx.ssa.SsaMethod::removeFromUseList (57 bytes)
Event: 5.687 Thread 0x0000000017ca4800 nmethod 1621 0x000000000394c090 code [0x000000000394c1e0, 0x000000000394c658]
Event: 5.687 Thread 0x0000000017ca4800 1622       4       com.android.dx.rop.code.RegisterSpec::getBasicType (10 bytes)
Event: 5.687 Thread 0x0000000017ca4800 nmethod 1622 0x0000000003782050 code [0x0000000003782180, 0x00000000037821f8]
Event: 6.180 Thread 0x0000000017c4a000 nmethod 1599 0x0000000003964290 code [0x0000000003964ce0, 0x0000000003970678]
Event: 6.204 Thread 0x0000000017ca9000 1623       3       com.android.dx.ssa.back.InterferenceGraph::add (46 bytes)
Event: 6.205 Thread 0x0000000017ca9000 nmethod 1623 0x00000000038ff010 code [0x00000000038ff240, 0x00000000038ffd88]
Event: 6.206 Thread 0x0000000017ca4800 1624       4       com.android.dx.ssa.back.FirstFitLocalCombiningAllocator::tryMapReg (41 bytes)
Event: 6.215 Thread 0x0000000017c4a000 1625       4       com.android.dx.ssa.InterferenceRegisterMapper::addInterfence (62 bytes)

GC Heap History (6 events):
Event: 2.008 GC heap before
{Heap before GC invocations=1 (full 0):
 PSYoungGen      total 37888K, used 32768K [0x00000000eab00000, 0x00000000ed500000, 0x0000000100000000)
  eden space 32768K, 100% used [0x00000000eab00000,0x00000000ecb00000,0x00000000ecb00000)
  from space 5120K, 0% used [0x00000000ed000000,0x00000000ed000000,0x00000000ed500000)
  to   space 5120K, 0% used [0x00000000ecb00000,0x00000000ecb00000,0x00000000ed000000)
 ParOldGen       total 86016K, used 0K [0x00000000c0000000, 0x00000000c5400000, 0x00000000eab00000)
  object space 86016K, 0% used [0x00000000c0000000,0x00000000c0000000,0x00000000c5400000)
 Metaspace       used 5472K, capacity 6896K, committed 7040K, reserved 1056768K
  class space    used 524K, capacity 616K, committed 640K, reserved 1048576K
Event: 2.187 GC heap after
Heap after GC invocations=1 (full 0):
 PSYoungGen      total 37888K, used 5091K [0x00000000eab00000, 0x00000000ef500000, 0x0000000100000000)
  eden space 32768K, 0% used [0x00000000eab00000,0x00000000eab00000,0x00000000ecb00000)
  from space 5120K, 99% used [0x00000000ecb00000,0x00000000ecff8d98,0x00000000ed000000)
  to   space 5120K, 0% used [0x00000000ef000000,0x00000000ef000000,0x00000000ef500000)
 ParOldGen       total 86016K, used 2063K [0x00000000c0000000, 0x00000000c5400000, 0x00000000eab00000)
  object space 86016K, 2% used [0x00000000c0000000,0x00000000c0203da0,0x00000000c5400000)
 Metaspace       used 5472K, capacity 6896K, committed 7040K, reserved 1056768K
  class space    used 524K, capacity 616K, committed 640K, reserved 1048576K
}
Event: 3.801 GC heap before
{Heap before GC invocations=2 (full 0):
 PSYoungGen      total 37888K, used 37859K [0x00000000eab00000, 0x00000000ef500000, 0x0000000100000000)
  eden space 32768K, 100% used [0x00000000eab00000,0x00000000ecb00000,0x00000000ecb00000)
  from space 5120K, 99% used [0x00000000ecb00000,0x00000000ecff8d98,0x00000000ed000000)
  to   space 5120K, 0% used [0x00000000ef000000,0x00000000ef000000,0x00000000ef500000)
 ParOldGen       total 86016K, used 2063K [0x00000000c0000000, 0x00000000c5400000, 0x00000000eab00000)
  object space 86016K, 2% used [0x00000000c0000000,0x00000000c0203da0,0x00000000c5400000)
 Metaspace       used 5533K, capacity 6960K, committed 7040K, reserved 1056768K
  class space    used 526K, capacity 616K, committed 640K, reserved 1048576K
Event: 4.014 GC heap after
Heap after GC invocations=2 (full 0):
 PSYoungGen      total 70656K, used 5107K [0x00000000eab00000, 0x00000000ef500000, 0x0000000100000000)
  eden space 65536K, 0% used [0x00000000eab00000,0x00000000eab00000,0x00000000eeb00000)
  from space 5120K, 99% used [0x00000000ef000000,0x00000000ef4fcd98,0x00000000ef500000)
  to   space 5120K, 0% used [0x00000000eeb00000,0x00000000eeb00000,0x00000000ef000000)
 ParOldGen       total 86016K, used 15264K [0x00000000c0000000, 0x00000000c5400000, 0x00000000eab00000)
  object space 86016K, 17% used [0x00000000c0000000,0x00000000c0ee82c8,0x00000000c5400000)
 Metaspace       used 5533K, capacity 6960K, committed 7040K, reserved 1056768K
  class space    used 526K, capacity 616K, committed 640K, reserved 1048576K
}
Event: 5.690 GC heap before
{Heap before GC invocations=3 (full 0):
 PSYoungGen      total 70656K, used 70643K [0x00000000eab00000, 0x00000000ef500000, 0x0000000100000000)
  eden space 65536K, 100% used [0x00000000eab00000,0x00000000eeb00000,0x00000000eeb00000)
  from space 5120K, 99% used [0x00000000ef000000,0x00000000ef4fcd98,0x00000000ef500000)
  to   space 5120K, 0% used [0x00000000eeb00000,0x00000000eeb00000,0x00000000ef000000)
 ParOldGen       total 86016K, used 15264K [0x00000000c0000000, 0x00000000c5400000, 0x00000000eab00000)
  object space 86016K, 17% used [0x00000000c0000000,0x00000000c0ee82c8,0x00000000c5400000)
 Metaspace       used 5568K, capacity 6960K, committed 7040K, reserved 1056768K
  class space    used 526K, capacity 616K, committed 640K, reserved 1048576K
Event: 6.150 GC heap after
Heap after GC invocations=3 (full 0):
 PSYoungGen      total 70656K, used 5093K [0x00000000eab00000, 0x00000000ef500000, 0x0000000100000000)
  eden space 65536K, 0% used [0x00000000eab00000,0x00000000eab00000,0x00000000eeb00000)
  from space 5120K, 99% used [0x00000000eeb00000,0x00000000eeff9420,0x00000000ef000000)
  to   space 5120K, 0% used [0x00000000ef000000,0x00000000ef000000,0x00000000ef500000)
 ParOldGen       total 86016K, used 37811K [0x00000000c0000000, 0x00000000c5400000, 0x00000000eab00000)
  object space 86016K, 43% used [0x00000000c0000000,0x00000000c24ecf40,0x00000000c5400000)
 Metaspace       used 5568K, capacity 6960K, committed 7040K, reserved 1056768K
  class space    used 526K, capacity 616K, committed 640K, reserved 1048576K
}

Deoptimization events (10 events):
Event: 4.525 Thread 0x00000000030ae800 Uncommon trap: reason=unstable_if action=reinterpret pc=0x00000000037666e4 method=com.android.dx.cf.code.RopperMachine.run(Lcom/android/dx/cf/code/Frame;II)V @ 1019
Event: 4.528 Thread 0x00000000030ae800 Uncommon trap: reason=class_check action=maybe_recompile pc=0x0000000003467ae8 method=com.android.dx.rop.type.Type.equals(Ljava/lang/Object;)Z @ 8
Event: 4.528 Thread 0x00000000030ae800 Uncommon trap: reason=class_check action=maybe_recompile pc=0x0000000003467ae8 method=com.android.dx.rop.type.Type.equals(Ljava/lang/Object;)Z @ 8
Event: 4.530 Thread 0x00000000030ae800 Uncommon trap: reason=class_check action=maybe_recompile pc=0x0000000003467ae8 method=com.android.dx.rop.type.Type.equals(Ljava/lang/Object;)Z @ 8
Event: 4.530 Thread 0x00000000030ae800 Uncommon trap: reason=class_check action=maybe_recompile pc=0x0000000003467ae8 method=com.android.dx.rop.type.Type.equals(Ljava/lang/Object;)Z @ 8
Event: 4.530 Thread 0x00000000030ae800 Uncommon trap: reason=unstable_if action=reinterpret pc=0x000000000377e8a8 method=com.android.dx.ssa.SCCP.simulateStmt(Lcom/android/dx/ssa/SsaInsn;)V @ 53
Event: 4.531 Thread 0x00000000030ae800 Uncommon trap: reason=unstable_if action=reinterpret pc=0x00000000037ed588 method=com.android.dx.rop.code.DexTranslationAdvice.hasConstantOperation(Lcom/android/dx/rop/code/Rop;Lcom/android/dx/rop/code/RegisterSpec;Lcom/android/dx/rop/code/RegisterSpec;)Z ÀÏ™Â^S@
Event: 4.581 Thread 0x00000000030ae800 Uncommon trap: reason=unloaded action=reinterpret pc=0x00000000035f6b3c method=com.android.dx.cf.cst.ConstantPoolParser.parse0(ILjava/util/BitSet;)Lcom/android/dx/rop/cst/Constant; @ 176
Event: 4.590 Thread 0x00000000030ae800 Uncommon trap: reason=bimorphic action=maybe_recompile pc=0x00000000035e464c method=java.util.HashMap.putVal(ILjava/lang/Object;Ljava/lang/Object;ZZ)Ljava/lang/Object; @ 91
Event: 4.878 Thread 0x00000000030ae800 Uncommon trap: reason=unstable_if action=reinterpret pc=0x000000000374b4b0 method=com.android.dx.cf.code.BaseMachine.getLocalTarget(Z)Lcom/android/dx/rop/code/RegisterSpec; @ 131

Internal exceptions (2 events):
Event: 0.146 Thread 0x00000000030ae800 Exception <a 'java/lang/NoSuchMethodError': Method sun.misc.Unsafe.defineClass(Ljava/lang/String;[BII)Ljava/lang/Class; name or signature does not match> (0x00000000eab07cc0) thrown at [C:\src\android\AOSP-openjdk\external\jetbrains\jdk\hotspot\src\share\v|ƒçÎ“≥¬?
Event: 0.146 Thread 0x00000000030ae800 Exception <a 'java/lang/NoSuchMethodError': Method sun.misc.Unsafe.prefetchRead(Ljava/lang/Object;J)V name or signature does not match> (0x00000000eab07fa8) thrown at [C:\src\android\AOSP-openjdk\external\jetbrains\jdk\hotspot\src\share\vm\prims\jni.cpp, l

Events (10 events):
Event: 5.635 Thread 0x00000000030ae800 DEOPT PACKING pc=0x00000000037ba3e1 sp=0x000000000309e570
Event: 5.635 Thread 0x00000000030ae800 DEOPT UNPACKING pc=0x00000000031f75bf sp=0x000000000309e308 mode 0
Event: 5.637 Thread 0x00000000030ae800 DEOPT PACKING pc=0x00000000037ba3e1 sp=0x000000000309e570
Event: 5.637 Thread 0x00000000030ae800 DEOPT UNPACKING pc=0x00000000031f75bf sp=0x000000000309e308 mode 0
Event: 5.638 Thread 0x00000000030ae800 DEOPT PACKING pc=0x00000000037ba3e1 sp=0x000000000309e570
Event: 5.638 Thread 0x00000000030ae800 DEOPT UNPACKING pc=0x00000000031f75bf sp=0x000000000309e308 mode 0
Event: 5.638 Thread 0x00000000030ae800 DEOPT PACKING pc=0x00000000037ba3e1 sp=0x000000000309e570
Event: 5.638 Thread 0x00000000030ae800 DEOPT UNPACKING pc=0x00000000031f75bf sp=0x000000000309e308 mode 0
Event: 5.690 Executing VM operation: ParallelGCFailedAllocation
Event: 6.150 Executing VM operation: ParallelGCFailedAllocation done


Dynamic libraries:
0x00007ff674d60000 - 0x00007ff674d91000 	D:\andriod-studio\Android Studio\jre\bin\java.exe
0x00007fff10dd0000 - 0x00007fff10fa1000 	C:\WINDOWS\SYSTEM32\ntdll.dll
0x00007fff105f0000 - 0x00007fff1069b000 	C:\WINDOWS\System32\KERNEL32.DLL
0x00007fff0d6f0000 - 0x00007fff0d90d000 	C:\WINDOWS\System32\KERNELBASE.dll
0x00007fff0e1a0000 - 0x00007fff0e242000 	C:\WINDOWS\System32\ADVAPI32.dll
0x00007fff10520000 - 0x00007fff105be000 	C:\WINDOWS\System32\msvcrt.dll
0x00007fff0eca0000 - 0x00007fff0ecf9000 	C:\WINDOWS\System32\sechost.dll
0x00007fff10840000 - 0x00007fff10961000 	C:\WINDOWS\System32\RPCRT4.dll
0x00007fff0ed00000 - 0x00007fff0ee65000 	C:\WINDOWS\System32\USER32.dll
0x00007fff0d320000 - 0x00007fff0d33e000 	C:\WINDOWS\System32\win32u.dll
0x00007fff10c40000 - 0x00007fff10c74000 	C:\WINDOWS\System32\GDI32.dll
0x00007fff0d190000 - 0x00007fff0d312000 	C:\WINDOWS\System32\gdi32full.dll
0x00007fff05590000 - 0x00007fff05809000 	C:\WINDOWS\WinSxS\amd64_microsoft.windows.common-controls_6595b64144ccf1df_6.0.14393.447_none_42191651c6827bb3\COMCTL32.dll
0x00007fff0e8a0000 - 0x00007fff0eb68000 	C:\WINDOWS\System32\combase.dll
0x00007fff0d910000 - 0x00007fff0da05000 	C:\WINDOWS\System32\ucrtbase.dll
0x00007fff0d070000 - 0x00007fff0d0da000 	C:\WINDOWS\System32\bcryptPrimitives.dll
0x00007fff0eb70000 - 0x00007fff0eb9e000 	C:\WINDOWS\System32\IMM32.DLL
0x0000000050490000 - 0x0000000050562000 	D:\andriod-studio\Android Studio\jre\jre\bin\msvcr100.dll
0x0000000076910000 - 0x0000000077144000 	D:\andriod-studio\Android Studio\jre\jre\bin\server\jvm.dll
0x00007fff0d5b0000 - 0x00007fff0d5d3000 	C:\WINDOWS\System32\WINMM.dll
0x00007fff0d000000 - 0x00007fff0d02b000 	C:\WINDOWS\System32\WINMMBASE.dll
0x00007fff0d5f0000 - 0x00007fff0d632000 	C:\WINDOWS\System32\cfgmgr32.dll
0x00007fff10c80000 - 0x00007fff10c88000 	C:\WINDOWS\System32\PSAPI.DLL
0x00007fff08f80000 - 0x00007fff08f89000 	C:\WINDOWS\SYSTEM32\WSOCK32.dll
0x00007fff10970000 - 0x00007fff109da000 	C:\WINDOWS\System32\WS2_32.dll
0x00007fff085c0000 - 0x00007fff085ca000 	C:\WINDOWS\SYSTEM32\VERSION.dll
0x00007fff0aec0000 - 0x00007fff0aecf000 	D:\andriod-studio\Android Studio\jre\jre\bin\verify.dll
0x00007fff02ea0000 - 0x00007fff02ec9000 	D:\andriod-studio\Android Studio\jre\jre\bin\java.dll
0x00007fff08520000 - 0x00007fff08536000 	D:\andriod-studio\Android Studio\jre\jre\bin\zip.dll
0x00007fff0f000000 - 0x00007fff10509000 	C:\WINDOWS\System32\SHELL32.dll
0x00007fff0da10000 - 0x00007fff0e0ea000 	C:\WINDOWS\System32\windows.storage.dll
0x00007fff0d640000 - 0x00007fff0d68c000 	C:\WINDOWS\System32\powrprof.dll
0x00007fff109e0000 - 0x00007fff10a32000 	C:\WINDOWS\System32\shlwapi.dll
0x00007fff0d060000 - 0x00007fff0d06f000 	C:\WINDOWS\System32\kernel.appcore.dll
0x00007fff0d0e0000 - 0x00007fff0d189000 	C:\WINDOWS\System32\shcore.dll
0x00007fff0d040000 - 0x00007fff0d054000 	C:\WINDOWS\System32\profapi.dll

VM Arguments:
jvm_args: -Djava.awt.headless=true -Xmx1024M -Dfile.encoding=GBK -Duser.country=CN -Duser.language=zh -Duser.variant 
java_command: com.android.dx.command.Main --dex --force-jumbo --output D:\andriod-studio\workspace\v2ex-android\app\build\intermediates\pre-dexed\debug\main_98a4b10824ccb88a140354c90834827e3311950e.jar D:\andriod-studio\workspace\v2ex-android\app\build\intermediates\transforms\instantRun\debug\folders\1\5\main
java_class_path (initial): D:\androidstudio\Sdk\build-tools\21.1.2\lib\dx.jar
Launcher Type: SUN_STANDARD

Environment Variables:
JAVA_HOME=C:\Program Files\Java\jdk1.8.0_91
CLASSPATH=.;C:\Program Files\Java\jdk1.8.0_91\lib\dt.jar;C:\Program Files\Java\jdk1.8.0_91\lib\tools.jar
PATH=C:\Program Files\NVIDIA GPU Computing Toolkit\CUDA\v7.5\bin;C:\Program Files\NVIDIA GPU Computing Toolkit\CUDA\v7.5\libnvvp;C:;C:\Program Files\Java\jdk1.8.0_91\bin;C:\Program Files\Java\jdk1.8.0_91\jre\bin;\ProgramData\Oracle\Java\javapath;C:\Program Files (x86)\Intel\iCLS Client\;C:\Program Files\Intel\iCLS Client\;C:\windows\system32;C:\windows;C:\windows\System32\Wbem;C:\windows\System32\WindowsPowerShell\v1.0\;C:\Program Files (x86)\Intel\Intel(R) Management Engine Components\DAL;C:\Program Files\Intel\Intel(R) Management Engine Components\DAL;C:\Program Files (x86)\Intel\Intel(R) Management Engine Components\IPT;C:\Program Files\Intel\Intel(R) Management Engine Components\IPT;C:\Program Files (x86)\NVIDIA Corporation\PhysX\Common;C:\Program Files\Intel\IntelSGXPSW\bin\x64\Release\;C:\Program Files\Intel\IntelSGXPSW\bin\win32\Release\;C:\Program Files\Intel\WiFi\bin\;C:\Program Files\Common Files\Intel\WirelessCommon\;C:\WINDOWS\system32;C:\WINDOWS;C:\WINDOWS\System32\Wbem;C:\WINDOWS\System32\WindowsPowerShell\v1.0\;D:\mysql\bin;D:\openCV\Opencv\build\x64\vc12\bin;C:\Program Files (x86)\Windows Kits\8.1\Windows Performance Toolkit\;C:\Program Files (x86)\Microsoft SDKs\TypeScript\1.0\;D:\opencv\opencv\build\x86\vc12\bin;D:\opencv\opencv\build\x64\vc12\bin;C:\Program Files (x86)\Autodesk\Backburner\;C:\Program Files\Common Files\Autodesk Shared\;C:\Program Files\Microsoft SQL Server\Client SDK\ODBC\110\Tools\Binn\;C:\Program Files (x86)\Microsoft SQL Server\120\Tools\Binn\;C:\Program Files\Microsoft SQL Server\120\Tools\Binn\;C:\Program Files\Microsoft SQL Server\120\DTS\Binn\;C:\Program Files (x86)\Microsoft SQL Server\120\Tools\Binn\ManagementStudio\;C:\Program Files (x86)\Microsoft SQL Server\120\DTS\Binn\;C:\Program Files\Microsoft SQL Server\110\Tools\Binn\;D:\MATLAB\v901\runtime\win64;C:\Program Files (x86)\GtkSharp\2.12\bin;D:\SDK\android-studio\tools;D:\SDK\android-studio\platform-tools;C:\Users\raozhi\AppData\Local\Microsoft\WindowsApps;
USERNAME=raozhi
OS=Windows_NT
PROCESSOR_IDENTIFIER=Intel64 Family 6 Model 94 Stepping 3, GenuineIntel



---------------  S Y S T E M  ---------------

OS: Windows 10.0 , 64 bit Build 14393 (10.0.14393.0)

CPU:total 8 (4 cores per cpu, 2 threads per core) family 6 model 94 stepping 3, cmov, cx8, fxsr, mmx, sse, sse2, sse3, ssse3, sse4.1, sse4.2, popcnt, avx, avx2, aes, clmul, erms, rtm, 3dnowpref, lzcnt, ht, tsc, tscinvbit, bmi1, bmi2, adx

Memory: 4k page, physical 8223456k(938128k free), swap 12689452k(2980k free)

vm_info: OpenJDK 64-Bit Server VM (25.76-b03) for windows-amd64 JRE (1.8.0_76-release-b03), built on Jun 29 2016 19:09:20 by "ralucas" with MS VC++ 10.0 (VS2010)

time: Fri May 19 13:27:05 2017
elapsed time: 6 seconds (0d 0h 0m 6s)

