#
# There is insufficient memory for the Java Runtime Environment to continue.
# Native memory allocation (malloc) failed to allocate 32744 bytes for ChunkPool::allocate
# Possible reasons:
#   The system is out of physical RAM or swap space
#   In 32 bit mode, the process size limit was hit
# Possible solutions:
#   Reduce memory load on the system
#   Increase physical memory or swap space
#   Check if swap backing store is full
#   Use 64 bit Java on a 64 bit OS
#   Decrease Java heap size (-Xmx/-Xms)
#   Decrease number of Java threads
#   Decrease Java thread stack sizes (-Xss)
#   Set larger code cache with -XX:ReservedCodeCacheSize=
# This output file may be truncated or incomplete.
#
#  Out of Memory Error (allocation.cpp:273), pid=19040, tid=0x0000000000002c88
#
# JRE version: OpenJDK Runtime Environment (8.0_76-b03) (build 1.8.0_76-release-b03)
# Java VM: OpenJDK 64-Bit Server VM (25.76-b03 mixed mode windows-amd64 compressed oops)
# Failed to write core dump. Minidumps are not enabled by default on client versions of Windows
#

---------------  T H R E A D  ---------------

Current thread (0x0000000017942800):  JavaThread "C2 CompilerThread1" daemon [_thread_in_native, id=11400, stack(0x0000000018060000,0x0000000018160000)]

Stack: [0x0000000018060000,0x0000000018160000]
[error occurred during error reporting (printing stack bounds), id 0xc0000005]

Native frames: (J=compiled Java code, j=interpreted, Vv=VM code, C=native code)


Current CompileTask:
C2:   5719 1500   !   4       com.android.dx.cf.code.BytecodeArray::parseInstruction (2764 bytes)


---------------  P R O C E S S  ---------------

Java Threads: ( => current thread )
  0x0000000017957800 JavaThread "Service Thread" daemon [_thread_blocked, id=15772, stack(0x0000000018360000,0x0000000018460000)]
  0x0000000017947000 JavaThread "C1 CompilerThread3" daemon [_thread_blocked, id=7236, stack(0x0000000018260000,0x0000000018360000)]
  0x0000000017943000 JavaThread "C2 CompilerThread2" daemon [_thread_in_native, id=17984, stack(0x0000000018160000,0x0000000018260000)]
=>0x0000000017942800 JavaThread "C2 CompilerThread1" daemon [_thread_in_native, id=11400, stack(0x0000000018060000,0x0000000018160000)]
  0x000000001598a000 JavaThread "C2 CompilerThread0" daemon [_thread_in_native, id=16220, stack(0x0000000017f60000,0x0000000018060000)]
  0x00000000178e7800 JavaThread "Attach Listener" daemon [_thread_blocked, id=9284, stack(0x0000000017e60000,0x0000000017f60000)]
  0x000000001789c000 JavaThread "Signal Dispatcher" daemon [_thread_blocked, id=10284, stack(0x0000000017d60000,0x0000000017e60000)]
  0x0000000002e58800 JavaThread "Finalizer" daemon [_thread_blocked, id=6284, stack(0x0000000017c60000,0x0000000017d60000)]
  0x0000000002e55000 JavaThread "Reference Handler" daemon [_thread_blocked, id=14436, stack(0x0000000017760000,0x0000000017860000)]
  0x0000000002d5e800 JavaThread "main" [_thread_in_Java, id=4860, stack(0x0000000002ba0000,0x0000000002ca0000)]

Other Threads:
  0x0000000015977000 VMThread [stack: 0x0000000017660000,0x0000000017760000] [id=17900]
  0x0000000017958000 WatcherThread [stack: 0x0000000018460000,0x0000000018560000] [id=18900]

VM state:not at safepoint (normal execution)

VM Mutex/Monitor currently owned by a thread: None

Heap:
 PSYoungGen      total 37888K, used 32306K [0x00000000eab00000, 0x00000000ef500000, 0x0000000100000000)
  eden space 32768K, 83% used [0x00000000eab00000,0x00000000ec590c00,0x00000000ecb00000)
  from space 5120K, 99% used [0x00000000ecb00000,0x00000000ecffbc98,0x00000000ed000000)
  to   space 5120K, 0% used [0x00000000ef000000,0x00000000ef000000,0x00000000ef500000)
 ParOldGen       total 86016K, used 1667K [0x00000000c0000000, 0x00000000c5400000, 0x00000000eab00000)
  object space 86016K, 1% used [0x00000000c0000000,0x00000000c01a0c08,0x00000000c5400000)
 Metaspace       used 5805K, capacity 6960K, committed 7040K, reserved 1056768K
  class space    used 557K, capacity 616K, committed 640K, reserved 1048576K

Card table byte_map: [0x0000000012220000,0x0000000012430000] byte_map_base: 0x0000000011c20000

Marking Bits: (ParMarkBitMap*) 0x00000000770c9d00
 Begin Bits: [0x0000000012d90000, 0x0000000013d90000)
 End Bits:   [0x0000000013d90000, 0x0000000014d90000)

Polling page: 0x0000000002840000

CodeCache: size=245760Kb used=6651Kb max_used=6651Kb free=239108Kb
 bounds [0x0000000002e60000, 0x00000000034f0000, 0x0000000011e60000]
 total_blobs=1787 nmethods=1523 adapters=178
 compilation: enabled

Compilation events (10 events):
Event: 5.706 Thread 0x0000000017947000 1524       1       com.android.dx.ssa.back.FirstFitLocalCombiningAllocator$Multiset::getSize (5 bytes)
Event: 5.706 Thread 0x0000000017947000 nmethod 1524 0x00000000034944d0 code [0x0000000003494620, 0x0000000003494730]
Event: 5.709 Thread 0x0000000017947000 1526       3       com.android.dx.ssa.back.FirstFitLocalCombiningAllocator::handleLocalAssociatedOther (151 bytes)
Event: 5.710 Thread 0x0000000017947000 nmethod 1526 0x00000000034ddc10 code [0x00000000034ddea0, 0x00000000034def38]
Event: 5.710 Thread 0x0000000017947000 1528       3       com.android.dx.rop.code.Rop::<init> (15 bytes)
Event: 5.710 Thread 0x0000000017947000 nmethod 1528 0x00000000034d8710 code [0x00000000034d8880, 0x00000000034d8a28]
Event: 5.710 Thread 0x0000000017947000 1529       3       com.android.dx.rop.code.Rops::opMoveResultPseudo (23 bytes)
Event: 5.711 Thread 0x0000000017947000 nmethod 1529 0x00000000034dd610 code [0x00000000034dd7a0, 0x00000000034ddad8]
Event: 5.711 Thread 0x0000000017947000 1530       3       com.android.dx.rop.code.Rops::opMoveResult (23 bytes)
Event: 5.711 Thread 0x0000000017947000 nmethod 1530 0x00000000034dd010 code [0x00000000034dd1a0, 0x00000000034dd4d8]

GC Heap History (2 events):
Event: 2.666 GC heap before
{Heap before GC invocations=1 (full 0):
 PSYoungGen      total 37888K, used 32768K [0x00000000eab00000, 0x00000000ed500000, 0x0000000100000000)
  eden space 32768K, 100% used [0x00000000eab00000,0x00000000ecb00000,0x00000000ecb00000)
  from space 5120K, 0% used [0x00000000ed000000,0x00000000ed000000,0x00000000ed500000)
  to   space 5120K, 0% used [0x00000000ecb00000,0x00000000ecb00000,0x00000000ed000000)
 ParOldGen       total 86016K, used 0K [0x00000000c0000000, 0x00000000c5400000, 0x00000000eab00000)
  object space 86016K, 0% used [0x00000000c0000000,0x00000000c0000000,0x00000000c5400000)
 Metaspace       used 5606K, capacity 6832K, committed 7040K, reserved 1056768K
  class space    used 537K, capacity 616K, committed 640K, reserved 1048576K
Event: 3.089 GC heap after
Heap after GC invocations=1 (full 0):
 PSYoungGen      total 37888K, used 5103K [0x00000000eab00000, 0x00000000ef500000, 0x0000000100000000)
  eden space 32768K, 0% used [0x00000000eab00000,0x00000000eab00000,0x00000000ecb00000)
  from space 5120K, 99% used [0x00000000ecb00000,0x00000000ecffbc98,0x00000000ed000000)
  to   space 5120K, 0% used [0x00000000ef000000,0x00000000ef000000,0x00000000ef500000)
 ParOldGen       total 86016K, used 1667K [0x00000000c0000000, 0x00000000c5400000, 0x00000000eab00000)
  object space 86016K, 1% used [0x00000000c0000000,0x00000000c01a0c08,0x00000000c5400000)
 Metaspace       used 5606K, capacity 6832K, committed 7040K, reserved 1056768K
  class space    used 537K, capacity 616K, committed 640K, reserved 1048576K
}

Deoptimization events (10 events):
Event: 5.469 Thread 0x0000000002d5e800 Uncommon trap: reason=unstable_if action=reinterpret pc=0x000000000337e474 method=java.util.HashMap.putVal(ILjava/lang/Object;Ljava/lang/Object;ZZ)Ljava/lang/Object; @ 162
Event: 5.480 Thread 0x0000000002d5e800 Uncommon trap: reason=bimorphic action=maybe_recompile pc=0x0000000003441d5c method=com.android.dx.cf.code.BytecodeArray.parseInstruction(ILcom/android/dx/cf/code/BytecodeArray$Visitor;)I @ 1130
Event: 5.480 Thread 0x0000000002d5e800 Uncommon trap: reason=bimorphic action=maybe_recompile pc=0x0000000003441884 method=com.android.dx.cf.code.BytecodeArray.parseInstruction(ILcom/android/dx/cf/code/BytecodeArray$Visitor;)I @ 907
Event: 5.480 Thread 0x0000000002d5e800 Uncommon trap: reason=bimorphic action=maybe_recompile pc=0x0000000003441d5c method=com.android.dx.cf.code.BytecodeArray.parseInstruction(ILcom/android/dx/cf/code/BytecodeArray$Visitor;)I @ 1130
Event: 5.486 Thread 0x0000000002d5e800 Uncommon trap: reason=unstable_if action=reinterpret pc=0x00000000032f2b90 method=java.util.HashMap.getNode(ILjava/lang/Object;)Ljava/util/HashMap$Node; @ 84
Event: 5.488 Thread 0x0000000002d5e800 Uncommon trap: reason=unstable_if action=reinterpret pc=0x00000000034b7b6c method=com.android.dx.util.MutabilityControl.isImmutable()Z @ 4
Event: 5.489 Thread 0x0000000002d5e800 Uncommon trap: reason=bimorphic action=maybe_recompile pc=0x0000000003488084 method=com.android.dx.cf.code.RopperMachine.run(Lcom/android/dx/cf/code/Frame;II)V @ 988
Event: 5.491 Thread 0x0000000002d5e800 Uncommon trap: reason=bimorphic action=maybe_recompile pc=0x0000000003488084 method=com.android.dx.cf.code.RopperMachine.run(Lcom/android/dx/cf/code/Frame;II)V @ 988
Event: 5.492 Thread 0x0000000002d5e800 Uncommon trap: reason=bimorphic action=maybe_recompile pc=0x0000000003488084 method=com.android.dx.cf.code.RopperMachine.run(Lcom/android/dx/cf/code/Frame;II)V @ 988
Event: 5.694 Thread 0x0000000002d5e800 Uncommon trap: reason=bimorphic action=maybe_recompile pc=0x0000000003488084 method=com.android.dx.cf.code.RopperMachine.run(Lcom/android/dx/cf/code/Frame;II)V @ 988

Internal exceptions (5 events):
Event: 0.074 Thread 0x0000000002d5e800 Exception <a 'java/lang/NoSuchMethodError': Method sun.misc.Unsafe.defineClass(Ljava/lang/String;[BII)Ljava/lang/Class; name or signature does not match> (0x00000000eab07cc0) thrown at [C:\src\android\AOSP-openjdk\external\jetbrains\jdk\hotspot\src\share\vj²ÏŠZý²?
Event: 0.074 Thread 0x0000000002d5e800 Exception <a 'java/lang/NoSuchMethodError': Method sun.misc.Unsafe.prefetchRead(Ljava/lang/Object;J)V name or signature does not match> (0x00000000eab07fa8) thrown at [C:\src\android\AOSP-openjdk\external\jetbrains\jdk\hotspot\src\share\vm\prims\jni.cpp, l50pÂ@
Event: 5.440 Thread 0x0000000002d5e800 Exception <a 'java/lang/ArrayIndexOutOfBoundsException': 18> (0x00000000ec0f65d8) thrown at [C:\src\android\AOSP-openjdk\external\jetbrains\jdk\hotspot\src\share\vm\interpreter\interpreterRuntime.cpp, line 366]
Event: 5.440 Thread 0x0000000002d5e800 Exception <a 'java/lang/ArrayIndexOutOfBoundsException': 145> (0x00000000ec0f8158) thrown at [C:\src\android\AOSP-openjdk\external\jetbrains\jdk\hotspot\src\share\vm\interpreter\interpreterRuntime.cpp, line 366]
Event: 5.442 Thread 0x0000000002d5e800 Exception <a 'java/lang/ArrayIndexOutOfBoundsException'> (0x00000000ec0f9440) thrown at [C:\src\android\AOSP-openjdk\external\jetbrains\jdk\hotspot\src\share\vm\runtime\sharedRuntime.cpp, line 605]

Events (10 events):
Event: 5.489 Thread 0x0000000002d5e800 DEOPT UNPACKING pc=0x0000000002ea556a sp=0x0000000002c9e3f8 mode 2
Event: 5.491 Thread 0x0000000002d5e800 Uncommon trap: trap_request=0xffffffc6 fr.pc=0x0000000003488084
Event: 5.491 Thread 0x0000000002d5e800 DEOPT PACKING pc=0x0000000003488084 sp=0x0000000002c9e430
Event: 5.491 Thread 0x0000000002d5e800 DEOPT UNPACKING pc=0x0000000002ea556a sp=0x0000000002c9e3f8 mode 2
Event: 5.492 Thread 0x0000000002d5e800 Uncommon trap: trap_request=0xffffffc6 fr.pc=0x0000000003488084
Event: 5.492 Thread 0x0000000002d5e800 DEOPT PACKING pc=0x0000000003488084 sp=0x0000000002c9e430
Event: 5.492 Thread 0x0000000002d5e800 DEOPT UNPACKING pc=0x0000000002ea556a sp=0x0000000002c9e3f8 mode 2
Event: 5.694 Thread 0x0000000002d5e800 Uncommon trap: trap_request=0xffffffc6 fr.pc=0x0000000003488084
Event: 5.694 Thread 0x0000000002d5e800 DEOPT PACKING pc=0x0000000003488084 sp=0x0000000002c9e430
Event: 5.694 Thread 0x0000000002d5e800 DEOPT UNPACKING pc=0x0000000002ea556a sp=0x0000000002c9e3f8 mode 2


Dynamic libraries:
0x00007ff674d60000 - 0x00007ff674d91000 	D:\andriod-studio\Android Studio\jre\bin\java.exe
0x00007fff10dd0000 - 0x00007fff10fa1000 	C:\WINDOWS\SYSTEM32\ntdll.dll
0x00007fff105f0000 - 0x00007fff1069b000 	C:\WINDOWS\System32\KERNEL32.DLL
0x00007fff0d6f0000 - 0x00007fff0d90d000 	C:\WINDOWS\System32\KERNELBASE.dll
0x00007fff0e1a0000 - 0x00007fff0e242000 	C:\WINDOWS\System32\ADVAPI32.dll
0x00007fff10520000 - 0x00007fff105be000 	C:\WINDOWS\System32\msvcrt.dll
0x00007fff0eca0000 - 0x00007fff0ecf9000 	C:\WINDOWS\System32\sechost.dll
0x00007fff10840000 - 0x00007fff10961000 	C:\WINDOWS\System32\RPCRT4.dll
0x00007fff0ed00000 - 0x00007fff0ee65000 	C:\WINDOWS\System32\USER32.dll
0x00007fff0d320000 - 0x00007fff0d33e000 	C:\WINDOWS\System32\win32u.dll
0x00007fff10c40000 - 0x00007fff10c74000 	C:\WINDOWS\System32\GDI32.dll
0x00007fff0d190000 - 0x00007fff0d312000 	C:\WINDOWS\System32\gdi32full.dll
0x00007fff05590000 - 0x00007fff05809000 	C:\WINDOWS\WinSxS\amd64_microsoft.windows.common-controls_6595b64144ccf1df_6.0.14393.447_none_42191651c6827bb3\COMCTL32.dll
0x00007fff0e8a0000 - 0x00007fff0eb68000 	C:\WINDOWS\System32\combase.dll
0x00007fff0d910000 - 0x00007fff0da05000 	C:\WINDOWS\System32\ucrtbase.dll
0x00007fff0d070000 - 0x00007fff0d0da000 	C:\WINDOWS\System32\bcryptPrimitives.dll
0x00007fff0eb70000 - 0x00007fff0eb9e000 	C:\WINDOWS\System32\IMM32.DLL
0x0000000050490000 - 0x0000000050562000 	D:\andriod-studio\Android Studio\jre\jre\bin\msvcr100.dll
0x0000000076910000 - 0x0000000077144000 	D:\andriod-studio\Android Studio\jre\jre\bin\server\jvm.dll
0x00007fff0d5b0000 - 0x00007fff0d5d3000 	C:\WINDOWS\System32\WINMM.dll
0x00007fff0d000000 - 0x00007fff0d02b000 	C:\WINDOWS\System32\WINMMBASE.dll
0x00007fff0d5f0000 - 0x00007fff0d632000 	C:\WINDOWS\System32\cfgmgr32.dll
0x00007fff08f80000 - 0x00007fff08f89000 	C:\WINDOWS\SYSTEM32\WSOCK32.dll
0x00007fff10c80000 - 0x00007fff10c88000 	C:\WINDOWS\System32\PSAPI.DLL
0x00007fff085c0000 - 0x00007fff085ca000 	C:\WINDOWS\SYSTEM32\VERSION.dll
0x00007fff10970000 - 0x00007fff109da000 	C:\WINDOWS\System32\WS2_32.dll
0x00007fff0aec0000 - 0x00007fff0aecf000 	D:\andriod-studio\Android Studio\jre\jre\bin\verify.dll
0x00007fff02ea0000 - 0x00007fff02ec9000 	D:\andriod-studio\Android Studio\jre\jre\bin\java.dll
0x00007fff08520000 - 0x00007fff08536000 	D:\andriod-studio\Android Studio\jre\jre\bin\zip.dll
0x00007fff0f000000 - 0x00007fff10509000 	C:\WINDOWS\System32\SHELL32.dll
0x00007fff0da10000 - 0x00007fff0e0ea000 	C:\WINDOWS\System32\windows.storage.dll
0x00007fff0d640000 - 0x00007fff0d68c000 	C:\WINDOWS\System32\powrprof.dll
0x00007fff109e0000 - 0x00007fff10a32000 	C:\WINDOWS\System32\shlwapi.dll
0x00007fff0d060000 - 0x00007fff0d06f000 	C:\WINDOWS\System32\kernel.appcore.dll
0x00007fff0d0e0000 - 0x00007fff0d189000 	C:\WINDOWS\System32\shcore.dll
0x00007fff0d040000 - 0x00007fff0d054000 	C:\WINDOWS\System32\profapi.dll

VM Arguments:
jvm_args: -Djava.awt.headless=true -Xmx1024M -Dfile.encoding=GBK -Duser.country=CN -Duser.language=zh -Duser.variant 
java_command: com.android.dx.command.Main --dex --force-jumbo --output D:\andriod-studio\workspace\v2ex-android\app\build\intermediates\pre-dexed\debug\SocialSDK_tencentWB_2_6d362c4b3cc63ba372f468822d1d96f0258592a7.jar D:\andriod-studio\workspace\v2ex-android\app\libs\SocialSDK_tencentWB_2.jar
java_class_path (initial): D:\androidstudio\Sdk\build-tools\21.1.2\lib\dx.jar
Launcher Type: SUN_STANDARD

Environment Variables:
JAVA_HOME=C:\Program Files\Java\jdk1.8.0_91
CLASSPATH=.;C:\Program Files\Java\jdk1.8.0_91\lib\dt.jar;C:\Program Files\Java\jdk1.8.0_91\lib\tools.jar
PATH=C:\Program Files\NVIDIA GPU Computing Toolkit\CUDA\v7.5\bin;C:\Program Files\NVIDIA GPU Computing Toolkit\CUDA\v7.5\libnvvp;C:;C:\Program Files\Java\jdk1.8.0_91\bin;C:\Program Files\Java\jdk1.8.0_91\jre\bin;\ProgramData\Oracle\Java\javapath;C:\Program Files (x86)\Intel\iCLS Client\;C:\Program Files\Intel\iCLS Client\;C:\windows\system32;C:\windows;C:\windows\System32\Wbem;C:\windows\System32\WindowsPowerShell\v1.0\;C:\Program Files (x86)\Intel\Intel(R) Management Engine Components\DAL;C:\Program Files\Intel\Intel(R) Management Engine Components\DAL;C:\Program Files (x86)\Intel\Intel(R) Management Engine Components\IPT;C:\Program Files\Intel\Intel(R) Management Engine Components\IPT;C:\Program Files (x86)\NVIDIA Corporation\PhysX\Common;C:\Program Files\Intel\IntelSGXPSW\bin\x64\Release\;C:\Program Files\Intel\IntelSGXPSW\bin\win32\Release\;C:\Program Files\Intel\WiFi\bin\;C:\Program Files\Common Files\Intel\WirelessCommon\;C:\WINDOWS\system32;C:\WINDOWS;C:\WINDOWS\System32\Wbem;C:\WINDOWS\System32\WindowsPowerShell\v1.0\;D:\mysql\bin;D:\openCV\Opencv\build\x64\vc12\bin;C:\Program Files (x86)\Windows Kits\8.1\Windows Performance Toolkit\;C:\Program Files (x86)\Microsoft SDKs\TypeScript\1.0\;D:\opencv\opencv\build\x86\vc12\bin;D:\opencv\opencv\build\x64\vc12\bin;C:\Program Files (x86)\Autodesk\Backburner\;C:\Program Files\Common Files\Autodesk Shared\;C:\Program Files\Microsoft SQL Server\Client SDK\ODBC\110\Tools\Binn\;C:\Program Files (x86)\Microsoft SQL Server\120\Tools\Binn\;C:\Program Files\Microsoft SQL Server\120\Tools\Binn\;C:\Program Files\Microsoft SQL Server\120\DTS\Binn\;C:\Program Files (x86)\Microsoft SQL Server\120\Tools\Binn\ManagementStudio\;C:\Program Files (x86)\Microsoft SQL Server\120\DTS\Binn\;C:\Program Files\Microsoft SQL Server\110\Tools\Binn\;D:\MATLAB\v901\runtime\win64;C:\Program Files (x86)\GtkSharp\2.12\bin;D:\SDK\android-studio\tools;D:\SDK\android-studio\platform-tools;C:\Users\raozhi\AppData\Local\Microsoft\WindowsApps;
USERNAME=raozhi
OS=Windows_NT
PROCESSOR_IDENTIFIER=Intel64 Family 6 Model 94 Stepping 3, GenuineIntel



---------------  S Y S T E M  ---------------

OS: Windows 10.0 , 64 bit Build 14393 (10.0.14393.0)

CPU:total 8 (4 cores per cpu, 2 threads per core) family 6 model 94 stepping 3, cmov, cx8, fxsr, mmx, sse, sse2, sse3, ssse3, sse4.1, sse4.2, popcnt, avx, avx2, aes, clmul, erms, rtm, 3dnowpref, lzcnt, ht, tsc, tscinvbit, bmi1, bmi2, adx

Memory: 4k page, physical 8223456k(1412924k free), swap 12689452k(6004k free)

vm_info: OpenJDK 64-Bit Server VM (25.76-b03) for windows-amd64 JRE (1.8.0_76-release-b03), built on Jun 29 2016 19:09:20 by "ralucas" with MS VC++ 10.0 (VS2010)

time: Fri May 19 13:28:13 2017
elapsed time: 5 seconds (0d 0h 0m 5s)

