#
# There is insufficient memory for the Java Runtime Environment to continue.
# Native memory allocation (malloc) failed to allocate 32744 bytes for ChunkPool::allocate
# Possible reasons:
#   The system is out of physical RAM or swap space
#   In 32 bit mode, the process size limit was hit
# Possible solutions:
#   Reduce memory load on the system
#   Increase physical memory or swap space
#   Check if swap backing store is full
#   Use 64 bit Java on a 64 bit OS
#   Decrease Java heap size (-Xmx/-Xms)
#   Decrease number of Java threads
#   Decrease Java thread stack sizes (-Xss)
#   Set larger code cache with -XX:ReservedCodeCacheSize=
# This output file may be truncated or incomplete.
#
#  Out of Memory Error (allocation.cpp:273), pid=8636, tid=0x00000000000041e0
#
# JRE version: OpenJDK Runtime Environment (8.0_76-b03) (build 1.8.0_76-release-b03)
# Java VM: OpenJDK 64-Bit Server VM (25.76-b03 mixed mode windows-amd64 compressed oops)
# Failed to write core dump. Minidumps are not enabled by default on client versions of Windows
#

---------------  T H R E A D  ---------------

Current thread (0x0000000017f1c000):  JavaThread "C2 CompilerThread2" daemon [_thread_in_native, id=16864, stack(0x0000000018790000,0x0000000018890000)]

Stack: [0x0000000018790000,0x0000000018890000]
[error occurred during error reporting (printing stack bounds), id 0xc0000005]

Native frames: (J=compiled Java code, j=interpreted, Vv=VM code, C=native code)


Current CompileTask:
C2:   6170 1465       4       com.android.dx.rop.code.Rops::ropFor (771 bytes)


---------------  P R O C E S S  ---------------

Java Threads: ( => current thread )
  0x0000000017f8a800 JavaThread "Service Thread" daemon [_thread_blocked, id=18920, stack(0x0000000018990000,0x0000000018a90000)]
  0x0000000017f22000 JavaThread "C1 CompilerThread3" daemon [_thread_blocked, id=12580, stack(0x0000000018890000,0x0000000018990000)]
=>0x0000000017f1c000 JavaThread "C2 CompilerThread2" daemon [_thread_in_native, id=16864, stack(0x0000000018790000,0x0000000018890000)]
  0x0000000017f1b000 JavaThread "C2 CompilerThread1" daemon [_thread_in_native, id=14524, stack(0x0000000018690000,0x0000000018790000)]
  0x0000000015fca800 JavaThread "C2 CompilerThread0" daemon [_thread_in_native, id=12032, stack(0x0000000018590000,0x0000000018690000)]
  0x0000000017f18000 JavaThread "Attach Listener" daemon [_thread_blocked, id=12248, stack(0x0000000018490000,0x0000000018590000)]
  0x0000000017ecd800 JavaThread "Signal Dispatcher" daemon [_thread_blocked, id=2768, stack(0x0000000018390000,0x0000000018490000)]
  0x00000000033b9000 JavaThread "Finalizer" daemon [_thread_blocked, id=19108, stack(0x0000000018290000,0x0000000018390000)]
  0x00000000033b5800 JavaThread "Reference Handler" daemon [_thread_blocked, id=12868, stack(0x0000000017d90000,0x0000000017e90000)]
  0x000000000349e800 JavaThread "main" [_thread_in_Java, id=17576, stack(0x0000000002da0000,0x0000000002ea0000)]

Other Threads:
  0x0000000015fb7000 VMThread [stack: 0x0000000017c90000,0x0000000017d90000] [id=2736]
  0x0000000017f8b000 WatcherThread [stack: 0x0000000018a90000,0x0000000018b90000] [id=11900]

VM state:not at safepoint (normal execution)

VM Mutex/Monitor currently owned by a thread: None

Heap:
 PSYoungGen      total 37888K, used 25103K [0x00000000eab00000, 0x00000000ef500000, 0x0000000100000000)
  eden space 32768K, 60% used [0x00000000eab00000,0x00000000ebe84278,0x00000000ecb00000)
  from space 5120K, 99% used [0x00000000ecb00000,0x00000000ecfffca8,0x00000000ed000000)
  to   space 5120K, 0% used [0x00000000ef000000,0x00000000ef000000,0x00000000ef500000)
 ParOldGen       total 86016K, used 1822K [0x00000000c0000000, 0x00000000c5400000, 0x00000000eab00000)
  object space 86016K, 2% used [0x00000000c0000000,0x00000000c01c7900,0x00000000c5400000)
 Metaspace       used 5772K, capacity 7024K, committed 7296K, reserved 1056768K
  class space    used 537K, capacity 616K, committed 640K, reserved 1048576K

Card table byte_map: [0x0000000012860000,0x0000000012a70000] byte_map_base: 0x0000000012260000

Marking Bits: (ParMarkBitMap*) 0x00000000770c9d00
 Begin Bits: [0x00000000133d0000, 0x00000000143d0000)
 End Bits:   [0x00000000143d0000, 0x00000000153d0000)

Polling page: 0x00000000015e0000

CodeCache: size=245760Kb used=6685Kb max_used=6697Kb free=239074Kb
 bounds [0x00000000034a0000, 0x0000000003b40000, 0x00000000124a0000]
 total_blobs=1761 nmethods=1497 adapters=178
 compilation: enabled

Compilation events (10 events):
Event: 6.093 Thread 0x0000000017f22000 nmethod 1493 0x0000000003b2b610 code [0x0000000003b2b800, 0x0000000003b2c178]
Event: 6.093 Thread 0x0000000017f22000 1494       3       com.android.dx.cf.code.ValueAwareMachine::<init> (6 bytes)
Event: 6.093 Thread 0x0000000017f22000 nmethod 1494 0x0000000003b1ac10 code [0x0000000003b1ad80, 0x0000000003b1af08]
Event: 6.093 Thread 0x0000000017f22000 1495       3       com.android.dx.cf.code.BaseMachine::<init> (46 bytes)
Event: 6.094 Thread 0x0000000017f22000 nmethod 1495 0x0000000003b2ae50 code [0x0000000003b2afe0, 0x0000000003b2b498]
Event: 6.094 Thread 0x0000000017f22000 1497       3       com.android.dx.rop.code.LocalVariableInfo::<init> (82 bytes)
Event: 6.094 Thread 0x0000000017f22000 nmethod 1497 0x0000000003b29850 code [0x0000000003b29aa0, 0x0000000003b2a828]
Event: 6.095 Thread 0x0000000017f22000 1500   !   3       com.android.dx.cf.attrib.AttCode::<init> (144 bytes)
Event: 6.095 Thread 0x0000000017f22000 nmethod 1500 0x0000000003b2c550 code [0x0000000003b2c780, 0x0000000003b2d228]
Event: 6.096 Thread 0x0000000017f1b000 nmethod 1499 0x0000000003b11190 code [0x0000000003b112e0, 0x0000000003b11578]

GC Heap History (2 events):
Event: 4.698 GC heap before
{Heap before GC invocations=1 (full 0):
 PSYoungGen      total 37888K, used 32768K [0x00000000eab00000, 0x00000000ed500000, 0x0000000100000000)
  eden space 32768K, 100% used [0x00000000eab00000,0x00000000ecb00000,0x00000000ecb00000)
  from space 5120K, 0% used [0x00000000ed000000,0x00000000ed000000,0x00000000ed500000)
  to   space 5120K, 0% used [0x00000000ecb00000,0x00000000ecb00000,0x00000000ed000000)
 ParOldGen       total 86016K, used 0K [0x00000000c0000000, 0x00000000c5400000, 0x00000000eab00000)
  object space 86016K, 0% used [0x00000000c0000000,0x00000000c0000000,0x00000000c5400000)
 Metaspace       used 5683K, capacity 6960K, committed 7040K, reserved 1056768K
  class space    used 537K, capacity 616K, committed 640K, reserved 1048576K
Event: 4.780 GC heap after
Heap after GC invocations=1 (full 0):
 PSYoungGen      total 37888K, used 5119K [0x00000000eab00000, 0x00000000ef500000, 0x0000000100000000)
  eden space 32768K, 0% used [0x00000000eab00000,0x00000000eab00000,0x00000000ecb00000)
  from space 5120K, 99% used [0x00000000ecb00000,0x00000000ecfffca8,0x00000000ed000000)
  to   space 5120K, 0% used [0x00000000ef000000,0x00000000ef000000,0x00000000ef500000)
 ParOldGen       total 86016K, used 1822K [0x00000000c0000000, 0x00000000c5400000, 0x00000000eab00000)
  object space 86016K, 2% used [0x00000000c0000000,0x00000000c01c7900,0x00000000c5400000)
 Metaspace       used 5683K, capacity 6960K, committed 7040K, reserved 1056768K
  class space    used 537K, capacity 616K, committed 640K, reserved 1048576K
}

Deoptimization events (10 events):
Event: 2.042 Thread 0x000000000349e800 Uncommon trap: reason=null_check action=make_not_entrant pc=0x00000000037d0f70 method=com.android.dx.ssa.SsaRenamer.getLocalForNewReg(I)Lcom/android/dx/rop/code/LocalItem; @ 19
Event: 2.042 Thread 0x000000000349e800 Uncommon trap: reason=null_check action=make_not_entrant pc=0x00000000037c8694 method=com.android.dx.ssa.SsaRenamer.getLocalForNewReg(I)Lcom/android/dx/rop/code/LocalItem; @ 19
Event: 2.867 Thread 0x000000000349e800 Uncommon trap: reason=unstable_if action=reinterpret pc=0x0000000003851984 method=com.android.dx.ssa.SsaRenamer$BlockRenamer.addMapping(ILcom/android/dx/rop/code/RegisterSpec;)V @ 120
Event: 4.266 Thread 0x000000000349e800 Uncommon trap: reason=bimorphic action=maybe_recompile pc=0x0000000003a08e7c method=com.android.dx.ssa.LiteralOpUpgrader.tryReplacingWithConstant(Lcom/android/dx/ssa/NormalSsaInsn;)Z @ 52
Event: 4.499 Thread 0x000000000349e800 Uncommon trap: reason=bimorphic action=maybe_recompile pc=0x0000000003a08e7c method=com.android.dx.ssa.LiteralOpUpgrader.tryReplacingWithConstant(Lcom/android/dx/ssa/NormalSsaInsn;)Z @ 52
Event: 5.314 Thread 0x000000000349e800 Uncommon trap: reason=bimorphic action=maybe_recompile pc=0x0000000003a08e7c method=com.android.dx.ssa.LiteralOpUpgrader.tryReplacingWithConstant(Lcom/android/dx/ssa/NormalSsaInsn;)Z @ 52
Event: 5.445 Thread 0x000000000349e800 Uncommon trap: reason=bimorphic action=maybe_recompile pc=0x0000000003a08e7c method=com.android.dx.ssa.LiteralOpUpgrader.tryReplacingWithConstant(Lcom/android/dx/ssa/NormalSsaInsn;)Z @ 52
Event: 6.039 Thread 0x000000000349e800 Uncommon trap: reason=unstable_if action=reinterpret pc=0x0000000003acf770 method=com.android.dx.rop.code.LocalVariableInfo.mergeStarts(ILcom/android/dx/rop/code/RegisterSpecSet;)Z @ 31
Event: 6.039 Thread 0x000000000349e800 Uncommon trap: reason=unstable_if action=reinterpret pc=0x0000000003abc7f8 method=com.android.dx.rop.code.LocalVariableInfo.mergeStarts(ILcom/android/dx/rop/code/RegisterSpecSet;)Z @ 31
Event: 6.044 Thread 0x000000000349e800 Uncommon trap: reason=unstable_if action=reinterpret pc=0x0000000003790fdc method=com.android.dx.rop.cst.Constant.compareTo(Lcom/android/dx/rop/cst/Constant;)I @ 12

Internal exceptions (4 events):
Event: 0.162 Thread 0x000000000349e800 Exception <a 'java/lang/NoSuchMethodError': Method sun.misc.Unsafe.defineClass(Ljava/lang/String;[BII)Ljava/lang/Class; name or signature does not match> (0x00000000eab07cc0) thrown at [C:\src\android\AOSP-openjdk\external\jetbrains\jdk\hotspot\src\share\vP˜ö¿ÀÄ?
Event: 0.162 Thread 0x000000000349e800 Exception <a 'java/lang/NoSuchMethodError': Method sun.misc.Unsafe.prefetchRead(Ljava/lang/Object;J)V name or signature does not match> (0x00000000eab07fa8) thrown at [C:\src\android\AOSP-openjdk\external\jetbrains\jdk\hotspot\src\share\vm\prims\jni.cpp, lÞ,_\ U
Event: 2.042 Thread 0x000000000349e800 Implicit null exception at 0x00000000037ce58c to 0x00000000037d0f25
Event: 2.042 Thread 0x000000000349e800 Implicit null exception at 0x00000000037c60cd to 0x00000000037c8675

Events (10 events):
Event: 5.988 Thread 0x000000000349e800 DEOPT UNPACKING pc=0x00000000034e75bf sp=0x0000000002e9e9b0 mode 0
Event: 6.039 Thread 0x000000000349e800 Uncommon trap: trap_request=0xffffff65 fr.pc=0x0000000003acf770
Event: 6.039 Thread 0x000000000349e800 DEOPT PACKING pc=0x0000000003acf770 sp=0x0000000002e9ed40
Event: 6.039 Thread 0x000000000349e800 DEOPT UNPACKING pc=0x00000000034e556a sp=0x0000000002e9ecb0 mode 2
Event: 6.039 Thread 0x000000000349e800 Uncommon trap: trap_request=0xffffff65 fr.pc=0x0000000003abc7f8
Event: 6.039 Thread 0x000000000349e800 DEOPT PACKING pc=0x0000000003abc7f8 sp=0x0000000002e9eca0
Event: 6.039 Thread 0x000000000349e800 DEOPT UNPACKING pc=0x00000000034e556a sp=0x0000000002e9eca0 mode 2
Event: 6.044 Thread 0x000000000349e800 Uncommon trap: trap_request=0xffffff65 fr.pc=0x0000000003790fdc
Event: 6.044 Thread 0x000000000349e800 DEOPT PACKING pc=0x0000000003790fdc sp=0x0000000002e9e5f0
Event: 6.044 Thread 0x000000000349e800 DEOPT UNPACKING pc=0x00000000034e556a sp=0x0000000002e9e590 mode 2


Dynamic libraries:
0x00007ff674d60000 - 0x00007ff674d91000 	D:\andriod-studio\Android Studio\jre\bin\java.exe
0x00007fff10dd0000 - 0x00007fff10fa1000 	C:\WINDOWS\SYSTEM32\ntdll.dll
0x00007fff105f0000 - 0x00007fff1069b000 	C:\WINDOWS\System32\KERNEL32.DLL
0x00007fff0d6f0000 - 0x00007fff0d90d000 	C:\WINDOWS\System32\KERNELBASE.dll
0x00007fff0e1a0000 - 0x00007fff0e242000 	C:\WINDOWS\System32\ADVAPI32.dll
0x00007fff10520000 - 0x00007fff105be000 	C:\WINDOWS\System32\msvcrt.dll
0x00007fff0eca0000 - 0x00007fff0ecf9000 	C:\WINDOWS\System32\sechost.dll
0x00007fff10840000 - 0x00007fff10961000 	C:\WINDOWS\System32\RPCRT4.dll
0x00007fff0ed00000 - 0x00007fff0ee65000 	C:\WINDOWS\System32\USER32.dll
0x00007fff0d320000 - 0x00007fff0d33e000 	C:\WINDOWS\System32\win32u.dll
0x00007fff10c40000 - 0x00007fff10c74000 	C:\WINDOWS\System32\GDI32.dll
0x00007fff0d190000 - 0x00007fff0d312000 	C:\WINDOWS\System32\gdi32full.dll
0x00007fff05590000 - 0x00007fff05809000 	C:\WINDOWS\WinSxS\amd64_microsoft.windows.common-controls_6595b64144ccf1df_6.0.14393.447_none_42191651c6827bb3\COMCTL32.dll
0x00007fff0e8a0000 - 0x00007fff0eb68000 	C:\WINDOWS\System32\combase.dll
0x00007fff0d910000 - 0x00007fff0da05000 	C:\WINDOWS\System32\ucrtbase.dll
0x00007fff0d070000 - 0x00007fff0d0da000 	C:\WINDOWS\System32\bcryptPrimitives.dll
0x00007fff0eb70000 - 0x00007fff0eb9e000 	C:\WINDOWS\System32\IMM32.DLL
0x0000000050490000 - 0x0000000050562000 	D:\andriod-studio\Android Studio\jre\jre\bin\msvcr100.dll
0x0000000076910000 - 0x0000000077144000 	D:\andriod-studio\Android Studio\jre\jre\bin\server\jvm.dll
0x00007fff0d5b0000 - 0x00007fff0d5d3000 	C:\WINDOWS\System32\WINMM.dll
0x00007fff0d000000 - 0x00007fff0d02b000 	C:\WINDOWS\System32\WINMMBASE.dll
0x00007fff0d5f0000 - 0x00007fff0d632000 	C:\WINDOWS\System32\cfgmgr32.dll
0x00007fff10c80000 - 0x00007fff10c88000 	C:\WINDOWS\System32\PSAPI.DLL
0x00007fff08f80000 - 0x00007fff08f89000 	C:\WINDOWS\SYSTEM32\WSOCK32.dll
0x00007fff10970000 - 0x00007fff109da000 	C:\WINDOWS\System32\WS2_32.dll
0x00007fff085c0000 - 0x00007fff085ca000 	C:\WINDOWS\SYSTEM32\VERSION.dll
0x00007fff0aec0000 - 0x00007fff0aecf000 	D:\andriod-studio\Android Studio\jre\jre\bin\verify.dll
0x00007fff02ea0000 - 0x00007fff02ec9000 	D:\andriod-studio\Android Studio\jre\jre\bin\java.dll
0x00007fff08520000 - 0x00007fff08536000 	D:\andriod-studio\Android Studio\jre\jre\bin\zip.dll
0x00007fff0f000000 - 0x00007fff10509000 	C:\WINDOWS\System32\SHELL32.dll
0x00007fff0da10000 - 0x00007fff0e0ea000 	C:\WINDOWS\System32\windows.storage.dll
0x00007fff0d640000 - 0x00007fff0d68c000 	C:\WINDOWS\System32\powrprof.dll
0x00007fff109e0000 - 0x00007fff10a32000 	C:\WINDOWS\System32\shlwapi.dll
0x00007fff0d060000 - 0x00007fff0d06f000 	C:\WINDOWS\System32\kernel.appcore.dll
0x00007fff0d0e0000 - 0x00007fff0d189000 	C:\WINDOWS\System32\shcore.dll
0x00007fff0d040000 - 0x00007fff0d054000 	C:\WINDOWS\System32\profapi.dll

VM Arguments:
jvm_args: -Djava.awt.headless=true -Xmx1024M -Dfile.encoding=GBK -Duser.country=CN -Duser.language=zh -Duser.variant 
java_command: com.android.dx.command.Main --dex --force-jumbo --output D:\andriod-studio\workspace\v2ex-android\app\build\intermediates\pre-dexed\debug\jsoup-1.8.1_edc8b2b86203e96823a2429538d0ced17f2319c3.jar D:\andriod-studio\workspace\v2ex-android\app\libs\jsoup-1.8.1.jar
java_class_path (initial): D:\androidstudio\Sdk\build-tools\21.1.2\lib\dx.jar
Launcher Type: SUN_STANDARD

Environment Variables:
JAVA_HOME=C:\Program Files\Java\jdk1.8.0_91
CLASSPATH=.;C:\Program Files\Java\jdk1.8.0_91\lib\dt.jar;C:\Program Files\Java\jdk1.8.0_91\lib\tools.jar
PATH=C:\Program Files\NVIDIA GPU Computing Toolkit\CUDA\v7.5\bin;C:\Program Files\NVIDIA GPU Computing Toolkit\CUDA\v7.5\libnvvp;C:;C:\Program Files\Java\jdk1.8.0_91\bin;C:\Program Files\Java\jdk1.8.0_91\jre\bin;\ProgramData\Oracle\Java\javapath;C:\Program Files (x86)\Intel\iCLS Client\;C:\Program Files\Intel\iCLS Client\;C:\windows\system32;C:\windows;C:\windows\System32\Wbem;C:\windows\System32\WindowsPowerShell\v1.0\;C:\Program Files (x86)\Intel\Intel(R) Management Engine Components\DAL;C:\Program Files\Intel\Intel(R) Management Engine Components\DAL;C:\Program Files (x86)\Intel\Intel(R) Management Engine Components\IPT;C:\Program Files\Intel\Intel(R) Management Engine Components\IPT;C:\Program Files (x86)\NVIDIA Corporation\PhysX\Common;C:\Program Files\Intel\IntelSGXPSW\bin\x64\Release\;C:\Program Files\Intel\IntelSGXPSW\bin\win32\Release\;C:\Program Files\Intel\WiFi\bin\;C:\Program Files\Common Files\Intel\WirelessCommon\;C:\WINDOWS\system32;C:\WINDOWS;C:\WINDOWS\System32\Wbem;C:\WINDOWS\System32\WindowsPowerShell\v1.0\;D:\mysql\bin;D:\openCV\Opencv\build\x64\vc12\bin;C:\Program Files (x86)\Windows Kits\8.1\Windows Performance Toolkit\;C:\Program Files (x86)\Microsoft SDKs\TypeScript\1.0\;D:\opencv\opencv\build\x86\vc12\bin;D:\opencv\opencv\build\x64\vc12\bin;C:\Program Files (x86)\Autodesk\Backburner\;C:\Program Files\Common Files\Autodesk Shared\;C:\Program Files\Microsoft SQL Server\Client SDK\ODBC\110\Tools\Binn\;C:\Program Files (x86)\Microsoft SQL Server\120\Tools\Binn\;C:\Program Files\Microsoft SQL Server\120\Tools\Binn\;C:\Program Files\Microsoft SQL Server\120\DTS\Binn\;C:\Program Files (x86)\Microsoft SQL Server\120\Tools\Binn\ManagementStudio\;C:\Program Files (x86)\Microsoft SQL Server\120\DTS\Binn\;C:\Program Files\Microsoft SQL Server\110\Tools\Binn\;D:\MATLAB\v901\runtime\win64;C:\Program Files (x86)\GtkSharp\2.12\bin;D:\SDK\android-studio\tools;D:\SDK\android-studio\platform-tools;C:\Users\raozhi\AppData\Local\Microsoft\WindowsApps;
USERNAME=raozhi
OS=Windows_NT
PROCESSOR_IDENTIFIER=Intel64 Family 6 Model 94 Stepping 3, GenuineIntel



---------------  S Y S T E M  ---------------

OS: Windows 10.0 , 64 bit Build 14393 (10.0.14393.0)

CPU:total 8 (4 cores per cpu, 2 threads per core) family 6 model 94 stepping 3, cmov, cx8, fxsr, mmx, sse, sse2, sse3, ssse3, sse4.1, sse4.2, popcnt, avx, avx2, aes, clmul, erms, rtm, 3dnowpref, lzcnt, ht, tsc, tscinvbit, bmi1, bmi2, adx

Memory: 4k page, physical 8223456k(942028k free), swap 12689452k(9804k free)

vm_info: OpenJDK 64-Bit Server VM (25.76-b03) for windows-amd64 JRE (1.8.0_76-release-b03), built on Jun 29 2016 19:09:20 by "ralucas" with MS VC++ 10.0 (VS2010)

time: Fri May 19 13:27:05 2017
elapsed time: 6 seconds (0d 0h 0m 6s)

